c:\users\plota\source\repos\rozliczenie biwaku\rozliczenie_biwaku\rozliczenie_biwaku\x64\debug\rozliczenie_biwaku.pch
c:\users\plota\source\repos\rozliczenie biwaku\rozliczenie_biwaku\rozliczenie_biwaku\x64\debug\vc141.pdb
c:\users\plota\source\repos\rozliczenie biwaku\rozliczenie_biwaku\rozliczenie_biwaku\x64\debug\vc141.idb
c:\users\plota\source\repos\rozliczenie biwaku\rozliczenie_biwaku\rozliczenie_biwaku\x64\debug\stdafx.obj
c:\users\plota\source\repos\rozliczenie biwaku\rozliczenie_biwaku\rozliczenie_biwaku\x64\debug\upper_window.obj
c:\users\plota\source\repos\rozliczenie biwaku\rozliczenie_biwaku\rozliczenie_biwaku\x64\debug\render_csv.obj
c:\users\plota\source\repos\rozliczenie biwaku\rozliczenie_biwaku\rozliczenie_biwaku\x64\debug\line.obj
c:\users\plota\source\repos\rozliczenie biwaku\rozliczenie_biwaku\rozliczenie_biwaku\x64\debug\file.obj
c:\users\plota\source\repos\rozliczenie biwaku\rozliczenie_biwaku\rozliczenie_biwaku\x64\debug\document.obj
c:\users\plota\source\repos\rozliczenie biwaku\rozliczenie_biwaku\rozliczenie_biwaku\x64\debug\dialog_box.obj
c:\users\plota\source\repos\rozliczenie biwaku\rozliczenie_biwaku\rozliczenie_biwaku\x64\debug\date.obj
c:\users\plota\source\repos\rozliczenie biwaku\rozliczenie_biwaku\rozliczenie_biwaku\x64\debug\rozliczenie_biwaku.obj
c:\users\plota\source\repos\rozliczenie biwaku\rozliczenie_biwaku\x64\debug\rozliczenie_biwaku.exe
c:\users\plota\source\repos\rozliczenie biwaku\rozliczenie_biwaku\x64\debug\rozliczenie_biwaku.ilk
c:\users\plota\source\repos\rozliczenie biwaku\rozliczenie_biwaku\x64\debug\rozliczenie_biwaku.pdb
c:\users\plota\source\repos\rozliczenie biwaku\rozliczenie_biwaku\rozliczenie_biwaku\x64\debug\rozliczenie_biwaku.res
c:\users\plota\source\repos\rozliczenie biwaku\rozliczenie_biwaku\rozliczenie_biwaku\x64\debug\rozlicze.4ca22269.tlog\cl.command.1.tlog
c:\users\plota\source\repos\rozliczenie biwaku\rozliczenie_biwaku\rozliczenie_biwaku\x64\debug\rozlicze.4ca22269.tlog\cl.read.1.tlog
c:\users\plota\source\repos\rozliczenie biwaku\rozliczenie_biwaku\rozliczenie_biwaku\x64\debug\rozlicze.4ca22269.tlog\cl.write.1.tlog
c:\users\plota\source\repos\rozliczenie biwaku\rozliczenie_biwaku\rozliczenie_biwaku\x64\debug\rozlicze.4ca22269.tlog\link.command.1.tlog
c:\users\plota\source\repos\rozliczenie biwaku\rozliczenie_biwaku\rozliczenie_biwaku\x64\debug\rozlicze.4ca22269.tlog\link.read.1.tlog
c:\users\plota\source\repos\rozliczenie biwaku\rozliczenie_biwaku\rozliczenie_biwaku\x64\debug\rozlicze.4ca22269.tlog\link.write.1.tlog
c:\users\plota\source\repos\rozliczenie biwaku\rozliczenie_biwaku\rozliczenie_biwaku\x64\debug\rozlicze.4ca22269.tlog\rc.command.1.tlog
c:\users\plota\source\repos\rozliczenie biwaku\rozliczenie_biwaku\rozliczenie_biwaku\x64\debug\rozlicze.4ca22269.tlog\rc.read.1.tlog
c:\users\plota\source\repos\rozliczenie biwaku\rozliczenie_biwaku\rozliczenie_biwaku\x64\debug\rozlicze.4ca22269.tlog\rc.write.1.tlog
